#
# A fatal error has been detected by the Java Runtime Environment:
#
#  EXCEPTION_ACCESS_VIOLATION (0xc0000005) at pc=0x00000000568969e5, pid=16644, tid=0x0000000000004184
#
# JRE version: OpenJDK Runtime Environment (8.0_202-b03) (build 1.8.0_202-release-1483-b03)
# Java VM: OpenJDK 64-Bit Server VM (25.202-b03 mixed mode windows-amd64 compressed oops)
# Problematic frame:
# V  [jvm.dll+0x4569e5]
#
# Failed to write core dump. Minidumps are not enabled by default on client versions of Windows
#
# If you would like to submit a bug report, please visit:
#   http://bugreport.java.com/bugreport/crash.jsp
#

---------------  T H R E A D  ---------------

Current thread (0x000000001850e800):  JavaThread "C2 CompilerThread1" daemon [_thread_in_native, id=16772, stack(0x0000000018ee0000,0x0000000018fe0000)]

siginfo: ExceptionCode=0xc0000005, reading address 0x0000000000000068

Registers:
RAX=0x0000000000000000, RBX=0x0000000020716e70, RCX=0x0000000021e19fc0, RDX=0x0000000000000653
RSP=0x0000000018fdc540, RBP=0x0000000018fdc5a0, RSI=0x0000000019a92578, RDI=0x00000000000000ff
R8 =0x0000000019a91800, R9 =0x0000000019a91800, R10=0x000000001dd95530, R11=0x000000001dd95560
R12=0x0000000000000000, R13=0x0000000020716ea8, R14=0x0000000018fdc790, R15=0x0000000056a89c50
RIP=0x00000000568969e5, EFLAGS=0x0000000000010297

Top of Stack: (sp=0x0000000018fdc540)
0x0000000018fdc540:   0000000019a91d00 0000000019a91d28
0x0000000018fdc550:   0000000056a89c50 0000000018fdc790
0x0000000018fdc560:   0000000019a91dc8 0000000019a91d28
0x0000000018fdc570:   0000000021d47700 00000000568991f3
0x0000000018fdc580:   0000000018fdc790 0000000019a91d28
0x0000000018fdc590:   0000000019a91d00 0000000021d47700
0x0000000018fdc5a0:   0000000018fdc678 0000000018fdc658
0x0000000018fdc5b0:   0000000018fdc790 000000005650804b
0x0000000018fdc5c0:   00000000166e7480 0000000023f936b0
0x0000000018fdc5d0:   0000000000000000 0000000018fdc679
0x0000000018fdc5e0:   0000000018fdc790 00000000568996f9
0x0000000018fdc5f0:   000000002079dfc8 0000000020799df0
0x0000000018fdc600:   0000000020795fe0 0000000000000000
0x0000000018fdc610:   000000002180e310 0000000020bb1d70
0x0000000018fdc620:   0000000000000000 0000000000000000
0x0000000018fdc630:   0000000000000000 0000000000000000 

Instructions: (pc=0x00000000568969e5)
0x00000000568969c5:   3c 08 75 09 49 8b 41 08 4c 8b 00 eb 03 4d 8b c1
0x00000000568969d5:   48 8b 45 10 41 8b 50 28 48 8b 48 68 48 8b 04 d1
0x00000000568969e5:   8b 48 68 3b cf 72 1c 75 0b 41 0f b6 40 2c 24 0f
0x00000000568969f5:   3c 0c 74 0f 49 8b c9 4d 8b e1 e8 ec cd 06 00 84 


Register to memory mapping:

RAX=0x0000000000000000 is an unknown value
RBX=0x0000000020716e70 is an unknown value
RCX=0x0000000021e19fc0 is an unknown value
RDX=0x0000000000000653 is an unknown value
RSP=0x0000000018fdc540 is pointing into the stack for thread: 0x000000001850e800
RBP=0x0000000018fdc5a0 is pointing into the stack for thread: 0x000000001850e800
RSI=0x0000000019a92578 is an unknown value
RDI=0x00000000000000ff is an unknown value
R8 =0x0000000019a91800 is an unknown value
R9 =0x0000000019a91800 is an unknown value
R10=0x000000001dd95530 is an unknown value
R11=0x000000001dd95560 is an unknown value
R12=0x0000000000000000 is an unknown value
R13=0x0000000020716ea8 is an unknown value
R14=0x0000000018fdc790 is pointing into the stack for thread: 0x000000001850e800
R15=0x0000000056a89c50 is an unknown value


Stack: [0x0000000018ee0000,0x0000000018fe0000],  sp=0x0000000018fdc540,  free space=1009k
Native frames: (J=compiled Java code, j=interpreted, Vv=VM code, C=native code)
V  [jvm.dll+0x4569e5]
V  [jvm.dll+0x4591f3]
V  [jvm.dll+0x4596f9]
V  [jvm.dll+0x45a47a]
V  [jvm.dll+0x4418dc]
V  [jvm.dll+0x4442b8]
V  [jvm.dll+0x4273d2]
V  [jvm.dll+0x8215f]
V  [jvm.dll+0x82abf]
V  [jvm.dll+0x21db7f]
V  [jvm.dll+0x26f5ba]
C  [msvcr100.dll+0x21d9f]
C  [msvcr100.dll+0x21e3b]
C  [KERNEL32.DLL+0x17bd4]
C  [ntdll.dll+0x6ced1]


Current CompileTask:
C2:3835890 19795   !   4       com.android.tools.build.apkzlib.zip.CentralDirectory::readEntry (702 bytes)


---------------  P R O C E S S  ---------------

Java Threads: ( => current thread )
  0x000000001e244800 JavaThread "Keep-Alive-Timer" daemon [_thread_blocked, id=14216, stack(0x000000002d9e0000,0x000000002dae0000)]
  0x000000001e248000 JavaThread "Cache worker for Java compile cache (D:\Android Studio\Android Expert\SUBMISSIONS\coba\FilmGan2\.gradle\5.4.1\javaCompile)" [_thread_blocked, id=8792, stack(0x000000002d5e0000,0x000000002d6e0000)]
  0x000000001e246000 JavaThread "Cache worker for Java compile cache (C:\Users\owner\.gradle\caches\5.4.1\javaCompile)" [_thread_blocked, id=10524, stack(0x000000002d4e0000,0x000000002d5e0000)]
  0x000000001e247800 JavaThread "ForkJoinPool.commonPool-worker-7" daemon [_thread_blocked, id=15900, stack(0x000000002cfd0000,0x000000002d0d0000)]
  0x000000001e249800 JavaThread "ForkJoinPool.commonPool-worker-6" daemon [_thread_blocked, id=11160, stack(0x000000002ced0000,0x000000002cfd0000)]
  0x000000001e242000 JavaThread "ForkJoinPool.commonPool-worker-2" daemon [_thread_blocked, id=17400, stack(0x000000002cad0000,0x000000002cbd0000)]
  0x000000001e241800 JavaThread "ForkJoinPool.commonPool-worker-1" daemon [_thread_blocked, id=4476, stack(0x000000002c9d0000,0x000000002cad0000)]
  0x000000001e23d000 JavaThread "stdout" [_thread_in_native, id=9988, stack(0x000000002c8d0000,0x000000002c9d0000)]
  0x000000001e23d800 JavaThread "stderr" [_thread_in_native, id=3008, stack(0x000000002c7d0000,0x000000002c8d0000)]
  0x000000001e240800 JavaThread "stdout" [_thread_in_native, id=8296, stack(0x000000002c6d0000,0x000000002c7d0000)]
  0x000000001e23f000 JavaThread "stderr" [_thread_in_native, id=10444, stack(0x000000002c5d0000,0x000000002c6d0000)]
  0x000000001e240000 JavaThread "stdout" [_thread_in_native, id=13992, stack(0x000000002c4d0000,0x000000002c5d0000)]
  0x000000001e23e800 JavaThread "stderr" [_thread_in_native, id=13440, stack(0x000000002c3d0000,0x000000002c4d0000)]
  0x000000001ab82000 JavaThread "stdout" [_thread_in_native, id=5344, stack(0x000000002c2d0000,0x000000002c3d0000)]
  0x000000001ab80800 JavaThread "stderr" [_thread_in_native, id=12268, stack(0x000000002c1d0000,0x000000002c2d0000)]
  0x000000001ab7f800 JavaThread "stdout" [_thread_in_native, id=15472, stack(0x000000002c0d0000,0x000000002c1d0000)]
  0x000000001ab7e000 JavaThread "stderr" [_thread_in_native, id=13172, stack(0x000000002bfd0000,0x000000002c0d0000)]
  0x000000001ab81000 JavaThread "stdout" [_thread_in_native, id=5356, stack(0x000000002bed0000,0x000000002bfd0000)]
  0x000000001ab7f000 JavaThread "stderr" [_thread_in_native, id=5832, stack(0x000000002bdd0000,0x000000002bed0000)]
  0x000000001ab82800 JavaThread "stdout" [_thread_in_native, id=16976, stack(0x000000002bcd0000,0x000000002bdd0000)]
  0x000000001ab76800 JavaThread "stderr" [_thread_in_native, id=12820, stack(0x000000002bbd0000,0x000000002bcd0000)]
  0x000000001ab7d800 JavaThread "WorkerExecutor Queue Thread 8" [_thread_blocked, id=200, stack(0x000000002bad0000,0x000000002bbd0000)]
  0x000000001ab77800 JavaThread "WorkerExecutor Queue Thread 7" [_thread_blocked, id=7540, stack(0x000000002b9d0000,0x000000002bad0000)]
  0x000000001ab76000 JavaThread "pool-10-thread-1" [_thread_blocked, id=1320, stack(0x000000002b8d0000,0x000000002b9d0000)]
  0x000000001ab7c800 JavaThread "WorkerExecutor Queue Thread 6" [_thread_blocked, id=17012, stack(0x000000002b7d0000,0x000000002b8d0000)]
  0x000000001ab79800 JavaThread "WorkerExecutor Queue Thread 5" [_thread_blocked, id=15788, stack(0x000000002b6d0000,0x000000002b7d0000)]
  0x000000001ab75000 JavaThread "WorkerExecutor Queue Thread 4" [_thread_in_native, id=16428, stack(0x000000002b5d0000,0x000000002b6d0000)]
  0x000000001ab78000 JavaThread "WorkerExecutor Queue Thread 3" [_thread_blocked, id=7712, stack(0x000000002b4d0000,0x000000002b5d0000)]
  0x000000001ab7c000 JavaThread "WorkerExecutor Queue Thread 2" [_thread_blocked, id=15224, stack(0x000000002b3d0000,0x000000002b4d0000)]
  0x0000000019972800 JavaThread "WorkerExecutor Queue" [_thread_blocked, id=1620, stack(0x000000002b0d0000,0x000000002b1d0000)]
  0x0000000019971000 JavaThread "Cache worker for execution history cache (D:\Android Studio\Android Expert\SUBMISSIONS\coba\FilmGan2\.gradle\5.4.1\executionHistory)" [_thread_blocked, id=12752, stack(0x000000002afd0000,0x000000002b0d0000)]
  0x000000001996e000 JavaThread "Execution worker for ':' Thread 7" [_thread_blocked, id=10236, stack(0x000000002aed0000,0x000000002afd0000)]
  0x0000000019970000 JavaThread "Execution worker for ':' Thread 6" [_thread_blocked, id=4220, stack(0x000000002add0000,0x000000002aed0000)]
  0x000000001996f800 JavaThread "Execution worker for ':' Thread 5" [_thread_blocked, id=12124, stack(0x000000002acd0000,0x000000002add0000)]
  0x0000000019974800 JavaThread "Execution worker for ':' Thread 4" [_thread_blocked, id=11896, stack(0x000000002a9c0000,0x000000002aac0000)]
  0x0000000019971800 JavaThread "Execution worker for ':' Thread 3" [_thread_blocked, id=11000, stack(0x000000002a8c0000,0x000000002a9c0000)]
  0x000000001a08b800 JavaThread "Execution worker for ':' Thread 2" [_thread_in_native, id=16512, stack(0x000000002a7c0000,0x000000002a8c0000)]
  0x000000001a08a000 JavaThread "Execution worker for ':'" [_thread_blocked, id=5052, stack(0x000000002a6c0000,0x000000002a7c0000)]
  0x000000001a089000 JavaThread "Cache worker for file content cache (D:\Android Studio\Android Expert\SUBMISSIONS\coba\FilmGan2\.gradle\5.4.1\fileContent)" [_thread_blocked, id=7692, stack(0x000000002abd0000,0x000000002acd0000)]
  0x000000001a088800 JavaThread "Cache worker for file content cache (C:\Users\owner\.gradle\caches\5.4.1\fileContent)" [_thread_blocked, id=10820, stack(0x000000002aad0000,0x000000002abd0000)]
  0x000000001a087800 JavaThread "Cache worker for Build Output Cleanup Cache (D:\Android Studio\Android Expert\SUBMISSIONS\coba\FilmGan2\.gradle\buildOutputCleanup)" [_thread_blocked, id=756, stack(0x000000002a5c0000,0x000000002a6c0000)]
  0x000000001a087000 JavaThread "Build operations Thread 8" [_thread_blocked, id=11068, stack(0x0000000028460000,0x0000000028560000)]
  0x000000001a08a800 JavaThread "Build operations Thread 7" [_thread_blocked, id=4092, stack(0x0000000027f10000,0x0000000028010000)]
  0x000000001a086000 JavaThread "Build operations Thread 6" [_thread_blocked, id=12836, stack(0x0000000027210000,0x0000000027310000)]
  0x000000001c0b7800 JavaThread "Build operations Thread 5" [_thread_blocked, id=15216, stack(0x0000000023080000,0x0000000023180000)]
  0x000000001c0bd800 JavaThread "Build operations Thread 4" [_thread_blocked, id=10204, stack(0x0000000022f80000,0x0000000023080000)]
  0x000000001c0ba000 JavaThread "Build operations Thread 3" [_thread_blocked, id=9136, stack(0x0000000022e80000,0x0000000022f80000)]
  0x000000001c0b5800 JavaThread "Build operations Thread 2" [_thread_blocked, id=11828, stack(0x0000000022b60000,0x0000000022c60000)]
  0x000000001c0b9000 JavaThread "Build operations" [_thread_blocked, id=16516, stack(0x0000000022a60000,0x0000000022b60000)]
  0x000000001c0b0000 JavaThread "Cache worker for cache directory md-rule (C:\Users\owner\.gradle\caches\5.4.1\md-rule)" [_thread_blocked, id=1904, stack(0x0000000022760000,0x0000000022860000)]
  0x000000001c0b7000 JavaThread "Cache worker for cache directory md-supplier (C:\Users\owner\.gradle\caches\5.4.1\md-supplier)" [_thread_blocked, id=8088, stack(0x0000000022660000,0x0000000022760000)]
  0x000000001c0af800 JavaThread "Cache worker for file hash cache (D:\Android Studio\Android Expert\SUBMISSIONS\coba\FilmGan2\.gradle\5.4.1\fileHashes)" [_thread_blocked, id=4148, stack(0x0000000022560000,0x0000000022660000)]
  0x000000001c0b4000 JavaThread "Thread-118" [_thread_blocked, id=14548, stack(0x0000000020f90000,0x0000000021090000)]
  0x000000001c0b6000 JavaThread "Stdin handler" [_thread_blocked, id=1216, stack(0x0000000020e90000,0x0000000020f90000)]
  0x000000001c0b3000 JavaThread "Asynchronous log dispatcher for DefaultDaemonConnection: socket connection from /127.0.0.1:61524 to /127.0.0.1:61779" [_thread_blocked, id=4940, stack(0x000000001f5a0000,0x000000001f6a0000)]
  0x000000001a34e000 JavaThread "Daemon worker Thread 5" [_thread_blocked, id=1120, stack(0x000000001b930000,0x000000001ba30000)]
  0x000000001a34e800 JavaThread "Cancel handler" [_thread_blocked, id=16288, stack(0x0000000000c60000,0x0000000000d60000)]
  0x000000001a354000 JavaThread "Handler for socket connection from /127.0.0.1:61524 to /127.0.0.1:61779" [_thread_in_native, id=15516, stack(0x0000000000b60000,0x0000000000c60000)]
  0x000000001a351800 JavaThread "Daemon Thread 5" [_thread_blocked, id=12348, stack(0x0000000000a60000,0x0000000000b60000)]
  0x000000001c0b4800 JavaThread "Memory manager" [_thread_blocked, id=17116, stack(0x0000000025150000,0x0000000025250000)]
  0x000000001c0b1000 JavaThread "Cache worker for execution history cache (C:\Users\owner\.gradle\caches\5.4.1\executionHistory)" [_thread_blocked, id=16932, stack(0x0000000021090000,0x0000000021190000)]
  0x000000001a34d000 JavaThread "Cache worker for journal cache (C:\Users\owner\.gradle\caches\journal-1)" [_thread_blocked, id=16872, stack(0x000000001d100000,0x000000001d200000)]
  0x000000001a34f800 JavaThread "File lock request listener" [_thread_in_native, id=16868, stack(0x000000001d000000,0x000000001d100000)]
  0x000000001a353000 JavaThread "Cache worker for file hash cache (C:\Users\owner\.gradle\caches\5.4.1\fileHashes)" [_thread_blocked, id=16864, stack(0x000000001cf00000,0x000000001d000000)]
  0x000000001a623800 JavaThread "Daemon periodic checks" [_thread_blocked, id=16824, stack(0x000000001b430000,0x000000001b530000)]
  0x0000000019655800 JavaThread "Incoming local TCP Connector on port 61524" [_thread_in_native, id=16820, stack(0x000000001b1f0000,0x000000001b2f0000)]
  0x000000001a5ae800 JavaThread "Daemon health stats" [_thread_blocked, id=16808, stack(0x000000001abb0000,0x000000001acb0000)]
  0x0000000018598800 JavaThread "Service Thread" daemon [_thread_blocked, id=16784, stack(0x00000000191e0000,0x00000000192e0000)]
  0x0000000018519000 JavaThread "C1 CompilerThread3" daemon [_thread_blocked, id=16780, stack(0x00000000190e0000,0x00000000191e0000)]
  0x0000000018513000 JavaThread "C2 CompilerThread2" daemon [_thread_blocked, id=16776, stack(0x0000000018fe0000,0x00000000190e0000)]
=>0x000000001850e800 JavaThread "C2 CompilerThread1" daemon [_thread_in_native, id=16772, stack(0x0000000018ee0000,0x0000000018fe0000)]
  0x000000001850c800 JavaThread "C2 CompilerThread0" daemon [_thread_blocked, id=16768, stack(0x0000000018de0000,0x0000000018ee0000)]
  0x0000000018516800 JavaThread "Attach Listener" daemon [_thread_blocked, id=16764, stack(0x0000000018ce0000,0x0000000018de0000)]
  0x0000000018515800 JavaThread "Signal Dispatcher" daemon [_thread_blocked, id=16760, stack(0x0000000018be0000,0x0000000018ce0000)]
  0x000000000292c800 JavaThread "Finalizer" daemon [_thread_blocked, id=16756, stack(0x00000000189e0000,0x0000000018ae0000)]
  0x0000000018500800 JavaThread "Reference Handler" daemon [_thread_blocked, id=16752, stack(0x00000000188e0000,0x00000000189e0000)]
  0x0000000000e0e000 JavaThread "main" [_thread_blocked, id=16712, stack(0x0000000002670000,0x0000000002770000)]

Other Threads:
  0x00000000166e8000 VMThread [stack: 0x00000000183e0000,0x00000000184e0000] [id=16748]
  0x0000000018599000 WatcherThread [stack: 0x00000000192e0000,0x00000000193e0000] [id=16788]

VM state:not at safepoint (normal execution)

VM Mutex/Monitor currently owned by a thread: None

heap address: 0x00000000a0000000, size: 1536 MB, Compressed Oops mode: 32-bit
Narrow klass base: 0x0000000000000000, Narrow klass shift: 3
Compressed class space size: 1073741824 Address: 0x0000000100000000

Heap:
 PSYoungGen      total 239616K, used 212830K [0x00000000e0000000, 0x00000000f4900000, 0x0000000100000000)
  eden space 193024K, 86% used [0x00000000e0000000,0x00000000ea25ce10,0x00000000ebc80000)
  from space 46592K, 99% used [0x00000000ebc80000,0x00000000ee9faa30,0x00000000eea00000)
  to   space 66560K, 0% used [0x00000000f0800000,0x00000000f0800000,0x00000000f4900000)
 ParOldGen       total 236032K, used 121362K [0x00000000a0000000, 0x00000000ae680000, 0x00000000e0000000)
  object space 236032K, 51% used [0x00000000a0000000,0x00000000a7684a60,0x00000000ae680000)
 Metaspace       used 125028K, capacity 131136K, committed 131456K, reserved 1163264K
  class space    used 15741K, capacity 16980K, committed 17024K, reserved 1048576K

Card table byte_map: [0x0000000011cf0000,0x0000000012000000] byte_map_base: 0x00000000117f0000

Marking Bits: (ParMarkBitMap*) 0x0000000056c09f30
 Begin Bits: [0x0000000012a00000, 0x0000000014200000)
 End Bits:   [0x0000000014200000, 0x0000000015a00000)

Polling page: 0x0000000000de0000

CodeCache: size=245760Kb used=56995Kb max_used=57006Kb free=188764Kb
 bounds [0x0000000002930000, 0x0000000006130000, 0x0000000011930000]
 total_blobs=16679 nmethods=15806 adapters=785
 compilation: enabled

Compilation events (10 events):
Event: 3835.514 Thread 0x0000000018519000 nmethod 19852 0x0000000005a4c410 code [0x0000000005a4c5c0, 0x0000000005a4cab8]
Event: 3835.518 Thread 0x0000000018519000 19854       1       com.google.common.collect.SingletonImmutableSet::isPartialView (2 bytes)
Event: 3835.518 Thread 0x0000000018519000 nmethod 19854 0x0000000005a4c150 code [0x0000000005a4c2a0, 0x0000000005a4c3b0]
Event: 3835.523 Thread 0x000000001850c800 nmethod 19847 0x000000000450e6d0 code [0x000000000450e920, 0x000000000450f750]
Event: 3835.523 Thread 0x000000001850c800 19848       4       java.nio.charset.CharsetDecoder::reset (11 bytes)
Event: 3835.524 Thread 0x000000001850c800 nmethod 19848 0x0000000004ab9750 code [0x0000000004ab98a0, 0x0000000004ab9938]
Event: 3835.524 Thread 0x000000001850c800 19851       4       com.google.common.base.Verify::verifyNotNull (11 bytes)
Event: 3835.524 Thread 0x000000001850c800 nmethod 19851 0x0000000004bbfdd0 code [0x0000000004bbff00, 0x0000000004bbff58]
Event: 3835.524 Thread 0x000000001850c800 19853       4       java.nio.charset.CharsetEncoder::reset (11 bytes)
Event: 3835.525 Thread 0x000000001850c800 nmethod 19853 0x0000000005ada3d0 code [0x0000000005ada520, 0x0000000005ada5b8]

GC Heap History (10 events):
Event: 3808.923 GC heap before
{Heap before GC invocations=25 (full 4):
 PSYoungGen      total 210432K, used 201146K [0x00000000e0000000, 0x00000000ef580000, 0x0000000100000000)
  eden space 180736K, 100% used [0x00000000e0000000,0x00000000eb080000,0x00000000eb080000)
  from space 29696K, 68% used [0x00000000ece00000,0x00000000ee1ee9d0,0x00000000eeb00000)
  to   space 30208K, 0% used [0x00000000eb080000,0x00000000eb080000,0x00000000ece00000)
 ParOldGen       total 236032K, used 66849K [0x00000000a0000000, 0x00000000ae680000, 0x00000000e0000000)
  object space 236032K, 28% used [0x00000000a0000000,0x00000000a41485a0,0x00000000ae680000)
 Metaspace       used 110934K, capacity 116566K, committed 116864K, reserved 1150976K
  class space    used 14303K, capacity 15417K, committed 15488K, reserved 1048576K
Event: 3808.944 GC heap after
Heap after GC invocations=25 (full 4):
 PSYoungGen      total 210944K, used 18913K [0x00000000e0000000, 0x00000000ef600000, 0x0000000100000000)
  eden space 180736K, 0% used [0x00000000e0000000,0x00000000e0000000,0x00000000eb080000)
  from space 30208K, 62% used [0x00000000eb080000,0x00000000ec2f8578,0x00000000ece00000)
  to   space 30208K, 0% used [0x00000000ed880000,0x00000000ed880000,0x00000000ef600000)
 ParOldGen       total 236032K, used 66857K [0x00000000a0000000, 0x00000000ae680000, 0x00000000e0000000)
  object space 236032K, 28% used [0x00000000a0000000,0x00000000a414a5a0,0x00000000ae680000)
 Metaspace       used 110934K, capacity 116566K, committed 116864K, reserved 1150976K
  class space    used 14303K, capacity 15417K, committed 15488K, reserved 1048576K
}
Event: 3812.318 GC heap before
{Heap before GC invocations=26 (full 4):
 PSYoungGen      total 210944K, used 199649K [0x00000000e0000000, 0x00000000ef600000, 0x0000000100000000)
  eden space 180736K, 100% used [0x00000000e0000000,0x00000000eb080000,0x00000000eb080000)
  from space 30208K, 62% used [0x00000000eb080000,0x00000000ec2f8578,0x00000000ece00000)
  to   space 30208K, 0% used [0x00000000ed880000,0x00000000ed880000,0x00000000ef600000)
 ParOldGen       total 236032K, used 66857K [0x00000000a0000000, 0x00000000ae680000, 0x00000000e0000000)
  object space 236032K, 28% used [0x00000000a0000000,0x00000000a414a5a0,0x00000000ae680000)
 Metaspace       used 112393K, capacity 118082K, committed 118400K, reserved 1153024K
  class space    used 14449K, capacity 15635K, committed 15744K, reserved 1048576K
Event: 3812.343 GC heap after
Heap after GC invocations=26 (full 4):
 PSYoungGen      total 214016K, used 30187K [0x00000000e0000000, 0x00000000f0680000, 0x0000000100000000)
  eden space 183808K, 0% used [0x00000000e0000000,0x00000000e0000000,0x00000000eb380000)
  from space 30208K, 99% used [0x00000000ed880000,0x00000000ef5fac40,0x00000000ef600000)
  to   space 37888K, 0% used [0x00000000eb380000,0x00000000eb380000,0x00000000ed880000)
 ParOldGen       total 236032K, used 76791K [0x00000000a0000000, 0x00000000ae680000, 0x00000000e0000000)
  object space 236032K, 32% used [0x00000000a0000000,0x00000000a4afdef8,0x00000000ae680000)
 Metaspace       used 112393K, capacity 118082K, committed 118400K, reserved 1153024K
  class space    used 14449K, capacity 15635K, committed 15744K, reserved 1048576K
}
Event: 3818.565 GC heap before
{Heap before GC invocations=27 (full 4):
 PSYoungGen      total 214016K, used 213995K [0x00000000e0000000, 0x00000000f0680000, 0x0000000100000000)
  eden space 183808K, 100% used [0x00000000e0000000,0x00000000eb380000,0x00000000eb380000)
  from space 30208K, 99% used [0x00000000ed880000,0x00000000ef5fac40,0x00000000ef600000)
  to   space 37888K, 0% used [0x00000000eb380000,0x00000000eb380000,0x00000000ed880000)
 ParOldGen       total 236032K, used 76791K [0x00000000a0000000, 0x00000000ae680000, 0x00000000e0000000)
  object space 236032K, 32% used [0x00000000a0000000,0x00000000a4afdef8,0x00000000ae680000)
 Metaspace       used 114630K, capacity 120554K, committed 120704K, reserved 1155072K
  class space    used 14703K, capacity 15921K, committed 16000K, reserved 1048576K
Event: 3818.594 GC heap after
Heap after GC invocations=27 (full 4):
 PSYoungGen      total 221696K, used 37872K [0x00000000e0000000, 0x00000000f1480000, 0x0000000100000000)
  eden space 183808K, 0% used [0x00000000e0000000,0x00000000e0000000,0x00000000eb380000)
  from space 37888K, 99% used [0x00000000eb380000,0x00000000ed87c1a0,0x00000000ed880000)
  to   space 43520K, 0% used [0x00000000eea00000,0x00000000eea00000,0x00000000f1480000)
 ParOldGen       total 236032K, used 78071K [0x00000000a0000000, 0x00000000ae680000, 0x00000000e0000000)
  object space 236032K, 33% used [0x00000000a0000000,0x00000000a4c3de60,0x00000000ae680000)
 Metaspace       used 114630K, capacity 120554K, committed 120704K, reserved 1155072K
  class space    used 14703K, capacity 15921K, committed 16000K, reserved 1048576K
}
Event: 3826.857 GC heap before
{Heap before GC invocations=28 (full 4):
 PSYoungGen      total 221696K, used 221680K [0x00000000e0000000, 0x00000000f1480000, 0x0000000100000000)
  eden space 183808K, 100% used [0x00000000e0000000,0x00000000eb380000,0x00000000eb380000)
  from space 37888K, 99% used [0x00000000eb380000,0x00000000ed87c1a0,0x00000000ed880000)
  to   space 43520K, 0% used [0x00000000eea00000,0x00000000eea00000,0x00000000f1480000)
 ParOldGen       total 236032K, used 78071K [0x00000000a0000000, 0x00000000ae680000, 0x00000000e0000000)
  object space 236032K, 33% used [0x00000000a0000000,0x00000000a4c3de60,0x00000000ae680000)
 Metaspace       used 116592K, capacity 122572K, committed 122624K, reserved 1155072K
  class space    used 14939K, capacity 16120K, committed 16128K, reserved 1048576K
Event: 3826.890 GC heap after
Heap after GC invocations=28 (full 4):
 PSYoungGen      total 236544K, used 34133K [0x00000000e0000000, 0x00000000f1a00000, 0x0000000100000000)
  eden space 193024K, 0% used [0x00000000e0000000,0x00000000e0000000,0x00000000ebc80000)
  from space 43520K, 78% used [0x00000000eea00000,0x00000000f0b55450,0x00000000f1480000)
  to   space 46592K, 0% used [0x00000000ebc80000,0x00000000ebc80000,0x00000000eea00000)
 ParOldGen       total 236032K, used 85012K [0x00000000a0000000, 0x00000000ae680000, 0x00000000e0000000)
  object space 236032K, 36% used [0x00000000a0000000,0x00000000a53051c8,0x00000000ae680000)
 Metaspace       used 116592K, capacity 122572K, committed 122624K, reserved 1155072K
  class space    used 14939K, capacity 16120K, committed 16128K, reserved 1048576K
}
Event: 3832.810 GC heap before
{Heap before GC invocations=29 (full 4):
 PSYoungGen      total 236544K, used 227157K [0x00000000e0000000, 0x00000000f1a00000, 0x0000000100000000)
  eden space 193024K, 100% used [0x00000000e0000000,0x00000000ebc80000,0x00000000ebc80000)
  from space 43520K, 78% used [0x00000000eea00000,0x00000000f0b55450,0x00000000f1480000)
  to   space 46592K, 0% used [0x00000000ebc80000,0x00000000ebc80000,0x00000000eea00000)
 ParOldGen       total 236032K, used 85012K [0x00000000a0000000, 0x00000000ae680000, 0x00000000e0000000)
  object space 236032K, 36% used [0x00000000a0000000,0x00000000a53051c8,0x00000000ae680000)
 Metaspace       used 123422K, capacity 129552K, committed 129792K, reserved 1163264K
  class space    used 15618K, capacity 16866K, committed 16896K, reserved 1048576K
Event: 3832.862 GC heap after
Heap after GC invocations=29 (full 4):
 PSYoungGen      total 239616K, used 46570K [0x00000000e0000000, 0x00000000f4900000, 0x0000000100000000)
  eden space 193024K, 0% used [0x00000000e0000000,0x00000000e0000000,0x00000000ebc80000)
  from space 46592K, 99% used [0x00000000ebc80000,0x00000000ee9faa30,0x00000000eea00000)
  to   space 66560K, 0% used [0x00000000f0800000,0x00000000f0800000,0x00000000f4900000)
 ParOldGen       total 236032K, used 121362K [0x00000000a0000000, 0x00000000ae680000, 0x00000000e0000000)
  object space 236032K, 51% used [0x00000000a0000000,0x00000000a7684a60,0x00000000ae680000)
 Metaspace       used 123422K, capacity 129552K, committed 129792K, reserved 1163264K
  class space    used 15618K, capacity 16866K, committed 16896K, reserved 1048576K
}

Deoptimization events (10 events):
Event: 3835.339 Thread 0x000000001a08b800 Uncommon trap: reason=bimorphic action=maybe_recompile pc=0x00000000051da2f8 method=com.google.common.collect.ImmutableList.hashCode()I @ 3
Event: 3835.339 Thread 0x000000001a08b800 Uncommon trap: reason=bimorphic action=maybe_recompile pc=0x00000000051da2f8 method=com.google.common.collect.ImmutableList.hashCode()I @ 3
Event: 3835.339 Thread 0x000000001a08b800 Uncommon trap: reason=unstable_if action=reinterpret pc=0x0000000002b810b8 method=org.gradle.api.specs.OrSpec.isSatisfiedBy(Ljava/lang/Object;)Z @ 42
Event: 3835.368 Thread 0x000000001a08b800 Uncommon trap: reason=unstable_if action=reinterpret pc=0x0000000004e855fc method=java.lang.String.regionMatches(ZILjava/lang/String;II)Z @ 102
Event: 3835.368 Thread 0x000000001a08b800 Uncommon trap: reason=unstable_if action=reinterpret pc=0x0000000004b3a26c method=org.gradle.internal.snapshot.MerkleDirectorySnapshotBuilder.visit(Lorg/gradle/internal/snapshot/FileSystemLocationSnapshot;)V @ 7
Event: 3835.482 Thread 0x000000001ab75000 Uncommon trap: reason=class_check action=maybe_recompile pc=0x0000000005a3da20 method=com.google.common.base.Suppliers$NonSerializableMemoizingSupplier.<init>(Lcom/google/common/base/Supplier;)V @ 9
Event: 3835.482 Thread 0x000000001ab75000 Uncommon trap: reason=class_check action=maybe_recompile pc=0x0000000005a3da20 method=com.google.common.base.Suppliers$NonSerializableMemoizingSupplier.<init>(Lcom/google/common/base/Supplier;)V @ 9
Event: 3835.482 Thread 0x000000001ab75000 Uncommon trap: reason=class_check action=maybe_recompile pc=0x0000000005a3da20 method=com.google.common.base.Suppliers$NonSerializableMemoizingSupplier.<init>(Lcom/google/common/base/Supplier;)V @ 9
Event: 3835.482 Thread 0x000000001ab75000 Uncommon trap: reason=class_check action=maybe_recompile pc=0x0000000005a3da20 method=com.google.common.base.Suppliers$NonSerializableMemoizingSupplier.<init>(Lcom/google/common/base/Supplier;)V @ 9
Event: 3835.507 Thread 0x000000001a08b800 Uncommon trap: reason=unstable_if action=reinterpret pc=0x0000000003de75f0 method=java.lang.Character.isSurrogate(C)Z @ 3

Classes redefined (0 events):
No events

Internal exceptions (10 events):
Event: 3820.225 Thread 0x000000001996e000 Exception <a 'java/lang/NoSuchMethodError': <clinit>> (0x00000000e36be5a8) thrown at [D:\src\AOSP-openjdk-cygwin\jdk8u\hotspot\src\share\vm\prims\jni.cpp, line 1614]
Event: 3820.226 Thread 0x000000001996e000 Exception <a 'java/lang/NoSuchMethodError': <clinit>> (0x00000000e36d7880) thrown at [D:\src\AOSP-openjdk-cygwin\jdk8u\hotspot\src\share\vm\prims\jni.cpp, line 1614]
Event: 3820.226 Thread 0x000000001996e000 Exception <a 'java/lang/NoSuchMethodError': <clinit>> (0x00000000e36efd28) thrown at [D:\src\AOSP-openjdk-cygwin\jdk8u\hotspot\src\share\vm\prims\jni.cpp, line 1614]
Event: 3820.227 Thread 0x000000001996e000 Exception <a 'java/lang/NoSuchMethodError': <clinit>> (0x00000000e3720ca0) thrown at [D:\src\AOSP-openjdk-cygwin\jdk8u\hotspot\src\share\vm\prims\jni.cpp, line 1614]
Event: 3832.385 Thread 0x000000001996e000 Implicit null exception at 0x0000000005bb4ef1 to 0x0000000005bb52ad
Event: 3832.862 Thread 0x000000001996e000 Implicit null exception at 0x000000000526b0d7 to 0x000000000526b7dd
Event: 3832.862 Thread 0x000000001996e000 Implicit null exception at 0x0000000005a8aa08 to 0x0000000005a8b101
Event: 3834.550 Thread 0x000000001996e000 Implicit null exception at 0x0000000006108cb8 to 0x00000000061094e9
Event: 3834.737 Thread 0x000000001c0b4000 Exception <a 'java/lang/NoSuchMethodError': <clinit>> (0x00000000e5f8dff0) thrown at [D:\src\AOSP-openjdk-cygwin\jdk8u\hotspot\src\share\vm\prims\jni.cpp, line 1614]
Event: 3834.738 Thread 0x000000001c0b4000 Exception <a 'java/lang/NoSuchMethodError': <clinit>> (0x00000000e5f98980) thrown at [D:\src\AOSP-openjdk-cygwin\jdk8u\hotspot\src\share\vm\prims\jni.cpp, line 1614]

Events (10 events):
Event: 3835.514 loading class com/android/build/gradle/internal/pipeline/ImmutableJarInput
Event: 3835.514 loading class com/android/build/gradle/internal/pipeline/ImmutableJarInput done
Event: 3835.514 loading class com/android/build/api/transform/JarInput
Event: 3835.514 loading class com/android/build/api/transform/JarInput done
Event: 3835.515 loading class com/android/build/gradle/internal/pipeline/ImmutableDirectoryInput
Event: 3835.515 loading class com/android/build/gradle/internal/pipeline/ImmutableDirectoryInput done
Event: 3835.516 loading class com/android/build/gradle/internal/pipeline/ImmutableTransformInput
Event: 3835.516 loading class com/android/build/gradle/internal/pipeline/ImmutableTransformInput done
Event: 3835.519 loading class com/google/protobuf/UnknownFieldSet$Builder
Event: 3835.519 loading class com/google/protobuf/UnknownFieldSet$Builder done


Dynamic libraries:
0x00007ff625e90000 - 0x00007ff625ec1000 	C:\Program Files\Android\Android Studio\jre\bin\java.exe
0x00007ffa39980000 - 0x00007ffa39b70000 	C:\WINDOWS\SYSTEM32\ntdll.dll
0x00007ffa39830000 - 0x00007ffa398e2000 	C:\WINDOWS\System32\KERNEL32.DLL
0x00007ffa37450000 - 0x00007ffa376f3000 	C:\WINDOWS\System32\KERNELBASE.dll
0x00007ffa39440000 - 0x00007ffa394e3000 	C:\WINDOWS\System32\ADVAPI32.dll
0x00007ffa38ed0000 - 0x00007ffa38f6e000 	C:\WINDOWS\System32\msvcrt.dll
0x00007ffa38930000 - 0x00007ffa389c7000 	C:\WINDOWS\System32\sechost.dll
0x00007ffa38c70000 - 0x00007ffa38d90000 	C:\WINDOWS\System32\RPCRT4.dll
0x00007ffa392a0000 - 0x00007ffa39434000 	C:\WINDOWS\System32\USER32.dll
0x00007ffa37360000 - 0x00007ffa37381000 	C:\WINDOWS\System32\win32u.dll
0x00007ffa398f0000 - 0x00007ffa39916000 	C:\WINDOWS\System32\GDI32.dll
0x00007ffa36a40000 - 0x00007ffa36bd4000 	C:\WINDOWS\System32\gdi32full.dll
0x00007ffa373b0000 - 0x00007ffa3744e000 	C:\WINDOWS\System32\msvcp_win.dll
0x00007ffa36910000 - 0x00007ffa36a0a000 	C:\WINDOWS\System32\ucrtbase.dll
0x00007ffa35d30000 - 0x00007ffa35fb5000 	C:\WINDOWS\WinSxS\amd64_microsoft.windows.common-controls_6595b64144ccf1df_6.0.18362.592_none_e6c0b1911312be02\COMCTL32.dll
0x00007ffa394f0000 - 0x00007ffa39826000 	C:\WINDOWS\System32\combase.dll
0x00007ffa37700000 - 0x00007ffa37780000 	C:\WINDOWS\System32\bcryptPrimitives.dll
0x00007ffa38ba0000 - 0x00007ffa38bce000 	C:\WINDOWS\System32\IMM32.DLL
0x0000000057130000 - 0x0000000057202000 	C:\Program Files\Android\Android Studio\jre\jre\bin\msvcr100.dll
0x0000000056440000 - 0x0000000056c86000 	C:\Program Files\Android\Android Studio\jre\jre\bin\server\jvm.dll
0x00007ffa39920000 - 0x00007ffa39928000 	C:\WINDOWS\System32\PSAPI.DLL
0x00007ffa2f270000 - 0x00007ffa2f27a000 	C:\WINDOWS\SYSTEM32\VERSION.dll
0x00007ffa33050000 - 0x00007ffa33074000 	C:\WINDOWS\SYSTEM32\WINMM.dll
0x00007ffa2d520000 - 0x00007ffa2d529000 	C:\WINDOWS\SYSTEM32\WSOCK32.dll
0x00007ffa38b30000 - 0x00007ffa38b9f000 	C:\WINDOWS\System32\WS2_32.dll
0x00007ffa33020000 - 0x00007ffa3304d000 	C:\WINDOWS\SYSTEM32\WINMMBASE.dll
0x00007ffa37780000 - 0x00007ffa377ca000 	C:\WINDOWS\System32\cfgmgr32.dll
0x00007ffa2b0e0000 - 0x00007ffa2b0ef000 	C:\Program Files\Android\Android Studio\jre\jre\bin\verify.dll
0x00007ffa2a360000 - 0x00007ffa2a389000 	C:\Program Files\Android\Android Studio\jre\jre\bin\java.dll
0x00007ffa2a340000 - 0x00007ffa2a356000 	C:\Program Files\Android\Android Studio\jre\jre\bin\zip.dll
0x00007ffa37a30000 - 0x00007ffa38115000 	C:\WINDOWS\System32\SHELL32.dll
0x00007ffa38350000 - 0x00007ffa383f9000 	C:\WINDOWS\System32\shcore.dll
0x00007ffa36be0000 - 0x00007ffa3735f000 	C:\WINDOWS\System32\windows.storage.dll
0x00007ffa368f0000 - 0x00007ffa3690f000 	C:\WINDOWS\System32\profapi.dll
0x00007ffa368a0000 - 0x00007ffa368ea000 	C:\WINDOWS\System32\powrprof.dll
0x00007ffa36850000 - 0x00007ffa36860000 	C:\WINDOWS\System32\UMPDC.dll
0x00007ffa38120000 - 0x00007ffa38172000 	C:\WINDOWS\System32\shlwapi.dll
0x00007ffa36860000 - 0x00007ffa36871000 	C:\WINDOWS\System32\kernel.appcore.dll
0x00007ffa37390000 - 0x00007ffa373a7000 	C:\WINDOWS\System32\cryptsp.dll
0x00007ffa2a320000 - 0x00007ffa2a33a000 	C:\Program Files\Android\Android Studio\jre\jre\bin\net.dll
0x00007ffa35a40000 - 0x00007ffa35aa7000 	C:\WINDOWS\system32\mswsock.dll
0x00007ffa2a300000 - 0x00007ffa2a311000 	C:\Program Files\Android\Android Studio\jre\jre\bin\nio.dll
0x00007ffa00600000 - 0x00007ffa00626000 	C:\Users\owner\.gradle\native\29\windows-amd64\native-platform.dll
0x00007ffa2a2f0000 - 0x00007ffa2a2fd000 	C:\Program Files\Android\Android Studio\jre\jre\bin\management.dll
0x00007ffa35550000 - 0x00007ffa35583000 	C:\WINDOWS\system32\rsaenh.dll
0x00007ffa36a10000 - 0x00007ffa36a36000 	C:\WINDOWS\System32\bcrypt.dll
0x00007ffa36740000 - 0x00007ffa36765000 	C:\WINDOWS\SYSTEM32\USERENV.dll
0x00007ffa35c10000 - 0x00007ffa35c1c000 	C:\WINDOWS\SYSTEM32\CRYPTBASE.dll
0x00007ffa35750000 - 0x00007ffa3578a000 	C:\WINDOWS\SYSTEM32\IPHLPAPI.DLL
0x00007ffa39930000 - 0x00007ffa39938000 	C:\WINDOWS\System32\NSI.dll
0x00007ffa2e1a0000 - 0x00007ffa2e1b6000 	C:\WINDOWS\SYSTEM32\dhcpcsvc6.DLL
0x00007ffa2e3c0000 - 0x00007ffa2e3dc000 	C:\WINDOWS\SYSTEM32\dhcpcsvc.DLL
0x00007ffa35790000 - 0x00007ffa3585a000 	C:\WINDOWS\SYSTEM32\DNSAPI.dll
0x00007ffa145a0000 - 0x00007ffa145c4000 	C:\Program Files\Android\Android Studio\jre\jre\bin\sunec.dll
0x00007ffa2f910000 - 0x00007ffa2f91a000 	C:\Windows\System32\rasadhlp.dll
0x00007ffa2de20000 - 0x00007ffa2de97000 	C:\WINDOWS\System32\fwpuclnt.dll
0x00007ffa2a1e0000 - 0x00007ffa2a1eb000 	C:\Program Files\Android\Android Studio\jre\jre\bin\sunmscapi.dll
0x00007ffa377d0000 - 0x00007ffa37919000 	C:\WINDOWS\System32\CRYPT32.dll
0x00007ffa36880000 - 0x00007ffa36892000 	C:\WINDOWS\System32\MSASN1.dll
0x00007ffa361d0000 - 0x00007ffa363c4000 	C:\WINDOWS\SYSTEM32\dbghelp.dll

VM Arguments:
jvm_args: -Xmx1536m -Dfile.encoding=windows-1252 -Duser.country=ID -Duser.language=en -Duser.variant 
java_command: org.gradle.launcher.daemon.bootstrap.GradleDaemon 5.4.1
java_class_path (initial): C:\Users\owner\.gradle\wrapper\dists\gradle-5.4.1-all\3221gyojl5jsh0helicew7rwx\gradle-5.4.1\lib\gradle-launcher-5.4.1.jar
Launcher Type: SUN_STANDARD

Environment Variables:
PATH=C:\Program Files (x86)\Common Files\Intel\Shared Files\cpp\bin\Intel64;C:\Program Files (x86)\Intel\Intel(R) Management Engine Components\iCLS\;C:\Program Files\Intel\Intel(R) Management Engine Components\iCLS\;C:\Program Files (x86)\Common Files\Oracle\Java\javapath;C:\WINDOWS\system32;C:\WINDOWS;C:\WINDOWS\System32\Wbem;C:\WINDOWS\System32\WindowsPowerShell\v1.0\;C:\Program Files (x86)\Intel\Intel(R) Management Engine Components\DAL;C:\Program Files\Intel\Intel(R) Management Engine Components\DAL;C:\WINDOWS\System32\OpenSSH\;C:\Program Files\dotnet\;C:\Program Files\Microsoft SQL Server\130\Tools\Binn\;C:\Program Files\Microsoft SQL Server\Client SDK\ODBC\170\Tools\Binn\;C:\Users\owner\AppData\Local\Programs\Python\Python37-32;C:\Program Files\mingw-w64\x86_64-8.1.0-posix-seh-rt_v6-rev0\mingw64\bin;C:\Program Files\Git\cmd;C:\Program Files\Java\jdk-10.0.2\bin;C:\Users\owner\AppData\Local\Programs\Python\Python37-32\Scripts\;C:\Users\owner\AppData\Local\Programs\Python\Python37-32\;C:\Users\owner\AppData\Local\Microsoft\WindowsApps;C:\Users\owner\AppData\Local\Programs\Microsoft VS Code\bin;C:\Program Files\JetBrains\PyCharm Community Edition 2019.2.3\bin;C:\Program Files\JetBrains\IntelliJ IDEA Community Edition 2019.2.3\bin;C:\Users\owner\AppData\Local\GitHubDesktop\bin;C:\Program Files\Java\jdk-10.0.2\bin;
USERNAME=owner
OS=Windows_NT
PROCESSOR_IDENTIFIER=Intel64 Family 6 Model 142 Stepping 10, GenuineIntel



---------------  S Y S T E M  ---------------

OS: Windows 10.0 , 64 bit Build 18362 (10.0.18362.329)

CPU:total 8 (initial active 8) (4 cores per cpu, 2 threads per core) family 6 model 142 stepping 10, cmov, cx8, fxsr, mmx, sse, sse2, sse3, ssse3, sse4.1, sse4.2, popcnt, avx, avx2, aes, clmul, erms, 3dnowpref, lzcnt, ht, tsc, tscinvbit, bmi1, bmi2, adx

Memory: 4k page, physical 8216372k(1322096k free), swap 17965900k(6250196k free)

vm_info: OpenJDK 64-Bit Server VM (25.202-b03) for windows-amd64 JRE (1.8.0_202-release-1483-b03), built by "builder" with MS VC++ 10.0 (VS2010)

time: Thu Feb 06 06:14:46 2020
timezone: SE Asia Standard Time
elapsed time: 3835 seconds (0d 1h 3m 55s)

