#
# A fatal error has been detected by the Java Runtime Environment:
#
#  EXCEPTION_ACCESS_VIOLATION (0xc0000005) at pc=0x0000000067d9b650, pid=15936, tid=0x0000000000000cb8
#
# JRE version: OpenJDK Runtime Environment (8.0_202-b03) (build 1.8.0_202-release-1483-b03)
# Java VM: OpenJDK 64-Bit Server VM (25.202-b03 mixed mode windows-amd64 compressed oops)
# Problematic frame:
# V  [jvm.dll+0x8b650]
#
# Failed to write core dump. Minidumps are not enabled by default on client versions of Windows
#
# If you would like to submit a bug report, please visit:
#   http://bugreport.java.com/bugreport/crash.jsp
#

---------------  T H R E A D  ---------------

Current thread (0x0000000003313000):  GCTaskThread [stack: 0x00000000132c0000,0x00000000133c0000] [id=3256]

siginfo: ExceptionCode=0xc0000005, reading address 0x00000005eaaf1120

Registers:
RAX=0x0000000000000000, RBX=0x00000000f9e5e660, RCX=0x00000000f9e5e660, RDX=0x00000005eaaf1118
RSP=0x00000000133bf438, RBP=0x0000000000000000, RSI=0x00000000171a4c00, RDI=0x000000001d251190
R8 =0x00000000171a4c00, R9 =0x000000000000000c, R10=0x0000000000000008, R11=0x00000000f37ff5c8
R12=0x0000000068329508, R13=0x00000000f9e5e668, R14=0x0000000000000000, R15=0x0000000003313520
RIP=0x0000000067d9b650, EFLAGS=0x0000000000010206

Top of Stack: (sp=0x00000000133bf438)
0x00000000133bf438:   00000000680deb82 00000000e02157b0
0x00000000133bf448:   0000000000000006 00000000171a4c00
0x00000000133bf458:   0000000067dd76ba 00000000f37f75d8
0x00000000133bf468:   0000000000001000 00000000be038b98
0x00000000133bf478:   0000000000000400 0000000000000000
0x00000000133bf488:   0000000003303601 0000000068329508
0x00000000133bf498:   00000000680deef0 00000000f37fd460
0x00000000133bf4a8:   0000000000000000 00000000171a4c00
0x00000000133bf4b8:   000000001d251190 00000000f37fd460
0x00000000133bf4c8:   00000000680df8c5 00000000e02075f8
0x00000000133bf4d8:   0000000000000000 00000000171a4c00
0x00000000133bf4e8:   00000000680dee01 00000000e0789088
0x00000000133bf4f8:   0000000000000006 00000000171a4c00
0x00000000133bf508:   0000bf6e00005d30 0000000003313510
0x00000000133bf518:   0000bf6e00005d31 000091c000007ebd
0x00000000133bf528:   0000bf6e00005d30 0000000003313510 

Instructions: (pc=0x0000000067d9b650)
0x0000000067d9b630:   7c 5f 1d 00 48 8b 9c 24 c0 00 00 00 48 81 c4 b0
0x0000000067d9b640:   00 00 00 5d c3 cc cc cc cc cc cc cc cc cc cc cc
0x0000000067d9b650:   44 8b 42 08 4c 8b ca 45 85 c0 7e 0e 41 f6 c0 01
0x0000000067d9b660:   75 57 41 c1 f8 03 41 8b c0 c3 79 4d 80 3d fe 47 


Register to memory mapping:

RAX=0x0000000000000000 is an unknown value
RBX=0x00000000f9e5e660 is an oop

[error occurred during error reporting (printing register info), id 0xc0000005]

Stack: [0x00000000132c0000,0x00000000133c0000],  sp=0x00000000133bf438,  free space=1021k
Native frames: (J=compiled Java code, j=interpreted, Vv=VM code, C=native code)


---------------  P R O C E S S  ---------------

Java Threads: ( => current thread )
  0x000000001d6f0000 JavaThread "ForkJoinPool-53-worker-0" daemon [_thread_blocked, id=12332, stack(0x000000002e750000,0x000000002e850000)]
  0x000000001d6f1800 JavaThread "ForkJoinPool-53-worker-7" daemon [_thread_blocked, id=3148, stack(0x000000002e650000,0x000000002e750000)]
  0x000000001d6ed000 JavaThread "ForkJoinPool-53-worker-6" daemon [_thread_blocked, id=11012, stack(0x000000002e550000,0x000000002e650000)]
  0x000000001fcbc800 JavaThread "ForkJoinPool-53-worker-5" daemon [_thread_blocked, id=9688, stack(0x000000002e450000,0x000000002e550000)]
  0x000000001fcbd800 JavaThread "ForkJoinPool-53-worker-4" daemon [_thread_blocked, id=9060, stack(0x000000002e350000,0x000000002e450000)]
  0x000000001fcc1000 JavaThread "ForkJoinPool-53-worker-3" daemon [_thread_blocked, id=15436, stack(0x000000002e250000,0x000000002e350000)]
  0x000000001fcbe000 JavaThread "ForkJoinPool-53-worker-2" daemon [_thread_blocked, id=9652, stack(0x000000002e150000,0x000000002e250000)]
  0x000000001fcc0800 JavaThread "ForkJoinPool-53-worker-1" daemon [_thread_blocked, id=4456, stack(0x000000002e050000,0x000000002e150000)]
  0x000000001fcbf000 JavaThread "WorkerExecutor Queue Thread 5" [_thread_blocked, id=11600, stack(0x000000002df50000,0x000000002e050000)]
  0x000000001fcb5000 JavaThread "WorkerExecutor Queue Thread 4" [_thread_blocked, id=10316, stack(0x000000002de50000,0x000000002df50000)]
  0x000000001fcb4800 JavaThread "WorkerExecutor Queue Thread 3" [_thread_blocked, id=12508, stack(0x000000002dd50000,0x000000002de50000)]
  0x000000001fcbb000 JavaThread "WorkerExecutor Queue Thread 2" [_thread_blocked, id=14208, stack(0x000000002dc50000,0x000000002dd50000)]
  0x000000001fcb3800 JavaThread "WorkerExecutor Queue" [_thread_blocked, id=13064, stack(0x000000002d950000,0x000000002da50000)]
  0x000000001fcba800 JavaThread "Keep-Alive-Timer" daemon [_thread_blocked, id=14988, stack(0x000000002d750000,0x000000002d850000)]
  0x000000001fcb3000 JavaThread "Cache worker for Java compile cache (D:\Android Studio\Android Expert\SUBMISSIONS\final\FilmGan2\.gradle\5.4.1\javaCompile)" [_thread_blocked, id=9400, stack(0x000000002d650000,0x000000002d750000)]
  0x000000001fcb7800 JavaThread "Cache worker for execution history cache (D:\Android Studio\Android Expert\SUBMISSIONS\final\FilmGan2\.gradle\5.4.1\executionHistory)" [_thread_blocked, id=9604, stack(0x000000002d350000,0x000000002d450000)]
  0x0000000022617000 JavaThread "Execution worker for ':' Thread 7" [_thread_blocked, id=2324, stack(0x000000002d050000,0x000000002d150000)]
  0x0000000022615800 JavaThread "Execution worker for ':' Thread 6" [_thread_blocked, id=5424, stack(0x000000002cb80000,0x000000002cc80000)]
  0x0000000022614000 JavaThread "Execution worker for ':' Thread 5" [_thread_blocked, id=8452, stack(0x000000002ca80000,0x000000002cb80000)]
  0x0000000022616000 JavaThread "Execution worker for ':' Thread 4" [_thread_blocked, id=5860, stack(0x000000002c980000,0x000000002ca80000)]
  0x0000000022614800 JavaThread "Execution worker for ':' Thread 3" [_thread_blocked, id=14484, stack(0x000000002c880000,0x000000002c980000)]
  0x0000000022613000 JavaThread "Execution worker for ':' Thread 2" [_thread_blocked, id=15536, stack(0x000000002c780000,0x000000002c880000)]
  0x0000000022611800 JavaThread "Execution worker for ':'" [_thread_blocked, id=8420, stack(0x000000002c280000,0x000000002c380000)]
  0x0000000022612800 JavaThread "Cache worker for file content cache (D:\Android Studio\Android Expert\SUBMISSIONS\final\FilmGan2\.gradle\5.4.1\fileContent)" [_thread_blocked, id=12652, stack(0x000000002bf80000,0x000000002c080000)]
  0x000000002260a000 JavaThread "Cache worker for Build Output Cleanup Cache (D:\Android Studio\Android Expert\SUBMISSIONS\final\FilmGan2\.gradle\buildOutputCleanup)" [_thread_blocked, id=12920, stack(0x000000002ac50000,0x000000002ad50000)]
  0x0000000022611000 JavaThread "Build operations Thread 8" [_thread_blocked, id=12976, stack(0x0000000027c00000,0x0000000027d00000)]
  0x000000002260b800 JavaThread "Build operations Thread 7" [_thread_blocked, id=1500, stack(0x00000000270f0000,0x00000000271f0000)]
  0x0000000022608800 JavaThread "Build operations Thread 6" [_thread_blocked, id=12368, stack(0x0000000026170000,0x0000000026270000)]
  0x000000002260b000 JavaThread "Build operations Thread 5" [_thread_blocked, id=7436, stack(0x0000000025570000,0x0000000025670000)]
  0x000000002260f800 JavaThread "Build operations Thread 4" [_thread_blocked, id=1608, stack(0x0000000025470000,0x0000000025570000)]
  0x0000000022608000 JavaThread "Build operations Thread 3" [_thread_blocked, id=11020, stack(0x0000000025370000,0x0000000025470000)]
  0x000000002260d000 JavaThread "Build operations Thread 2" [_thread_blocked, id=8788, stack(0x0000000025270000,0x0000000025370000)]
  0x000000002260e800 JavaThread "Build operations" [_thread_blocked, id=11368, stack(0x0000000025170000,0x0000000025270000)]
  0x0000000022609800 JavaThread "Cache worker for cache directory md-rule (C:\Users\owner\.gradle\caches\5.4.1\md-rule)" [_thread_blocked, id=15048, stack(0x0000000024170000,0x0000000024270000)]
  0x000000002260c800 JavaThread "Cache worker for cache directory md-supplier (C:\Users\owner\.gradle\caches\5.4.1\md-supplier)" [_thread_blocked, id=12636, stack(0x0000000023a50000,0x0000000023b50000)]
  0x000000001a47c000 JavaThread "Cache worker for file hash cache (D:\Android Studio\Android Expert\SUBMISSIONS\final\FilmGan2\.gradle\5.4.1\fileHashes)" [_thread_blocked, id=11724, stack(0x0000000023750000,0x0000000023850000)]
  0x000000001a481800 JavaThread "Thread-1035" [_thread_blocked, id=5124, stack(0x0000000023650000,0x0000000023750000)]
  0x000000001a47f800 JavaThread "Stdin handler" [_thread_blocked, id=15924, stack(0x00000000220b0000,0x00000000221b0000)]
  0x000000001a474800 JavaThread "Asynchronous log dispatcher for DefaultDaemonConnection: socket connection from /127.0.0.1:49620 to /127.0.0.1:51742" [_thread_blocked, id=7076, stack(0x00000000214b0000,0x00000000215b0000)]
  0x000000001a47b800 JavaThread "Daemon worker Thread 25" [_thread_blocked, id=4180, stack(0x000000001c5f0000,0x000000001c6f0000)]
  0x000000001a474000 JavaThread "Cancel handler" [_thread_blocked, id=7176, stack(0x000000001c4f0000,0x000000001c5f0000)]
  0x000000001a476000 JavaThread "Handler for socket connection from /127.0.0.1:49620 to /127.0.0.1:51742" [_thread_in_native, id=7180, stack(0x000000001c3f0000,0x000000001c4f0000)]
  0x000000001a47a800 JavaThread "Daemon Thread 25" [_thread_blocked, id=9380, stack(0x0000000001620000,0x0000000001720000)]
  0x000000001d6f7000 JavaThread "Cache worker for Java compile cache (C:\Users\owner\.gradle\caches\5.4.1\javaCompile)" [_thread_blocked, id=10856, stack(0x000000002cf50000,0x000000002d050000)]
  0x000000001b596800 JavaThread "Cache worker for file content cache (C:\Users\owner\.gradle\caches\5.4.1\fileContent)" [_thread_blocked, id=10960, stack(0x0000000025a70000,0x0000000025b70000)]
  0x000000001a481000 JavaThread "Memory manager" [_thread_blocked, id=13268, stack(0x0000000024c70000,0x0000000024d70000)]
  0x000000001a479000 JavaThread "Cache worker for execution history cache (C:\Users\owner\.gradle\caches\5.4.1\executionHistory)" [_thread_blocked, id=11908, stack(0x0000000021db0000,0x0000000021eb0000)]
  0x000000001b591000 JavaThread "Cache worker for journal cache (C:\Users\owner\.gradle\caches\journal-1)" [_thread_blocked, id=12788, stack(0x000000001cbf0000,0x000000001ccf0000)]
  0x000000001b590000 JavaThread "File lock request listener" [_thread_in_native, id=6860, stack(0x000000001caf0000,0x000000001cbf0000)]
  0x000000001b597000 JavaThread "Cache worker for file hash cache (C:\Users\owner\.gradle\caches\5.4.1\fileHashes)" [_thread_blocked, id=5360, stack(0x000000001c9f0000,0x000000001caf0000)]
  0x000000001a023800 JavaThread "Daemon periodic checks" [_thread_blocked, id=11532, stack(0x000000001bef0000,0x000000001bff0000)]
  0x000000001a8e7000 JavaThread "Incoming local TCP Connector on port 49620" [_thread_in_native, id=13920, stack(0x000000001bcb0000,0x000000001bdb0000)]
  0x000000001b13b000 JavaThread "Daemon health stats" [_thread_blocked, id=7240, stack(0x000000001b670000,0x000000001b770000)]
  0x0000000019061800 JavaThread "Service Thread" daemon [_thread_blocked, id=15896, stack(0x0000000019ca0000,0x0000000019da0000)]
  0x0000000018fdb800 JavaThread "C1 CompilerThread3" daemon [_thread_blocked, id=8032, stack(0x0000000019ba0000,0x0000000019ca0000)]
  0x0000000018fd7800 JavaThread "C2 CompilerThread2" daemon [_thread_blocked, id=1612, stack(0x0000000019aa0000,0x0000000019ba0000)]
  0x0000000018fcd800 JavaThread "C2 CompilerThread1" daemon [_thread_blocked, id=8160, stack(0x00000000199a0000,0x0000000019aa0000)]
  0x0000000018fcb800 JavaThread "C2 CompilerThread0" daemon [_thread_blocked, id=7984, stack(0x00000000198a0000,0x00000000199a0000)]
  0x0000000018fd6800 JavaThread "Attach Listener" daemon [_thread_blocked, id=16296, stack(0x00000000197a0000,0x00000000198a0000)]
  0x0000000018fd5800 JavaThread "Signal Dispatcher" daemon [_thread_blocked, id=14672, stack(0x00000000196a0000,0x00000000197a0000)]
  0x00000000033ec800 JavaThread "Finalizer" daemon [_thread_blocked, id=2880, stack(0x00000000194a0000,0x00000000195a0000)]
  0x0000000018fc0800 JavaThread "Reference Handler" daemon [_thread_blocked, id=8316, stack(0x00000000193a0000,0x00000000194a0000)]
  0x00000000031de000 JavaThread "main" [_thread_blocked, id=13104, stack(0x00000000031f0000,0x00000000032f0000)]

Other Threads:
  0x00000000171a8000 VMThread [stack: 0x0000000018ea0000,0x0000000018fa0000] [id=7936]
  0x0000000019062800 WatcherThread [stack: 0x0000000019da0000,0x0000000019ea0000] [id=13532]

=>0x0000000003313000 (exited) GCTaskThread [stack: 0x00000000132c0000,0x00000000133c0000] [id=3256]

VM state:at safepoint (normal execution)

VM Mutex/Monitor currently owned by a thread:  ([mutex/lock_event])
[0x00000000031dd9a0] Threads_lock - owner thread: 0x00000000171a8000
[0x00000000031dd620] Heap_lock - owner thread: 0x000000001fcbe000

heap address: 0x00000000a0000000, size: 1536 MB, Compressed Oops mode: 32-bit
Narrow klass base: 0x0000000000000000, Narrow klass shift: 3
Compressed class space size: 1073741824 Address: 0x0000000100000000

Heap:
 PSYoungGen      total 409088K, used 326891K [0x00000000e0000000, 0x0000000100000000, 0x0000000100000000)
  eden space 288256K, 99% used [0x00000000e0000000,0x00000000f1906548,0x00000000f1980000)
  from space 120832K, 32% used [0x00000000f8a00000,0x00000000fb0349e8,0x0000000100000000)
  to   space 115200K, 51% used [0x00000000f1980000,0x00000000f53b9c58,0x00000000f8a00000)
 ParOldGen       total 790528K, used 498886K [0x00000000a0000000, 0x00000000d0400000, 0x00000000e0000000)
  object space 790528K, 63% used [0x00000000a0000000,0x00000000be731848,0x00000000d0400000)
 Metaspace       used 140004K, capacity 147710K, committed 166872K, reserved 1193984K
  class space    used 16722K, capacity 18200K, committed 21760K, reserved 1048576K

Card table byte_map: [0x00000000127b0000,0x0000000012ac0000] byte_map_base: 0x00000000122b0000

Marking Bits: (ParMarkBitMap*) 0x00000000684d9f30
 Begin Bits: [0x00000000134c0000, 0x0000000014cc0000)
 End Bits:   [0x0000000014cc0000, 0x00000000164c0000)

Polling page: 0x0000000001510000

CodeCache: size=245760Kb used=80009Kb max_used=80029Kb free=165750Kb
 bounds [0x00000000033f0000, 0x00000000082a0000, 0x00000000123f0000]
 total_blobs=22527 nmethods=21639 adapters=800
 compilation: enabled

Compilation events (10 events):
Event: 21238.018 Thread 0x0000000018fdb800 30218       3       com.android.tools.r8.dex.c::a (9 bytes)
Event: 21238.019 Thread 0x0000000018fdb800 nmethod 30218 0x0000000006ad2690 code [0x0000000006ad2800, 0x0000000006ad2988]
Event: 21238.019 Thread 0x0000000018fdb800 30217       1       com.android.tools.r8.code.ConstHigh16::getOpcode (3 bytes)
Event: 21238.019 Thread 0x0000000018fdb800 nmethod 30217 0x0000000006ad23d0 code [0x0000000006ad2520, 0x0000000006ad2630]
Event: 21238.026 Thread 0x0000000018fcb800 nmethod 30219 0x00000000082916d0 code [0x0000000008291860, 0x0000000008292108]
Event: 21238.028 Thread 0x0000000018fd7800 nmethod 30209 0x0000000008292990 code [0x0000000008292ba0, 0x0000000008293450]
Event: 21238.042 Thread 0x0000000018fcd800 30220   !   4       org.gradle.api.internal.tasks.execution.FinalizePropertiesTaskExecuter::execute (168 bytes)
Event: 21238.069 Thread 0x0000000018fdb800 30221       3       com.android.tools.r8.D8Command$Builder::c (5 bytes)
Event: 21238.069 Thread 0x0000000018fdb800 nmethod 30221 0x0000000006b0e2d0 code [0x0000000006b0e440, 0x0000000006b0e610]
Event: 21238.102 Thread 0x0000000018fcd800 nmethod 30220 0x0000000008297bd0 code [0x0000000008297f60, 0x000000000829a240]

GC Heap History (10 events):
Event: 20687.645 GC heap after
Heap after GC invocations=73 (full 8):
 PSYoungGen      total 388096K, used 83489K [0x00000000e0000000, 0x0000000100000000, 0x0000000100000000)
  eden space 281088K, 0% used [0x00000000e0000000,0x00000000e0000000,0x00000000f1280000)
  from space 107008K, 78% used [0x00000000f1280000,0x00000000f6408710,0x00000000f7b00000)
  to   space 115712K, 0% used [0x00000000f8f00000,0x00000000f8f00000,0x0000000100000000)
 ParOldGen       total 732672K, used 632178K [0x00000000a0000000, 0x00000000ccb80000, 0x00000000e0000000)
  object space 732672K, 86% used [0x00000000a0000000,0x00000000c695ca70,0x00000000ccb80000)
 Metaspace       used 142955K, capacity 150884K, committed 166872K, reserved 1193984K
  class space    used 16876K, capacity 18409K, committed 21760K, reserved 1048576K
}
Event: 21052.705 GC heap before
{Heap before GC invocations=74 (full 8):
 PSYoungGen      total 388096K, used 364564K [0x00000000e0000000, 0x0000000100000000, 0x0000000100000000)
  eden space 281088K, 99% used [0x00000000e0000000,0x00000000f127cbe0,0x00000000f1280000)
  from space 107008K, 78% used [0x00000000f1280000,0x00000000f6408710,0x00000000f7b00000)
  to   space 115712K, 0% used [0x00000000f8f00000,0x00000000f8f00000,0x0000000100000000)
 ParOldGen       total 732672K, used 632178K [0x00000000a0000000, 0x00000000ccb80000, 0x00000000e0000000)
  object space 732672K, 86% used [0x00000000a0000000,0x00000000c695ca70,0x00000000ccb80000)
 Metaspace       used 143039K, capacity 150984K, committed 166872K, reserved 1193984K
  class space    used 16879K, capacity 18413K, committed 21760K, reserved 1048576K
Event: 21052.749 GC heap after
Heap after GC invocations=74 (full 8):
 PSYoungGen      total 410112K, used 14729K [0x00000000e0000000, 0x0000000100000000, 0x0000000100000000)
  eden space 294400K, 0% used [0x00000000e0000000,0x00000000e0000000,0x00000000f1f80000)
  from space 115712K, 12% used [0x00000000f8f00000,0x00000000f9d624e8,0x0000000100000000)
  to   space 114176K, 0% used [0x00000000f1f80000,0x00000000f1f80000,0x00000000f8f00000)
 ParOldGen       total 732672K, used 704409K [0x00000000a0000000, 0x00000000ccb80000, 0x00000000e0000000)
  object space 732672K, 96% used [0x00000000a0000000,0x00000000cafe6478,0x00000000ccb80000)
 Metaspace       used 143039K, capacity 150984K, committed 166872K, reserved 1193984K
  class space    used 16879K, capacity 18413K, committed 21760K, reserved 1048576K
}
Event: 21052.749 GC heap before
{Heap before GC invocations=75 (full 9):
 PSYoungGen      total 410112K, used 14729K [0x00000000e0000000, 0x0000000100000000, 0x0000000100000000)
  eden space 294400K, 0% used [0x00000000e0000000,0x00000000e0000000,0x00000000f1f80000)
  from space 115712K, 12% used [0x00000000f8f00000,0x00000000f9d624e8,0x0000000100000000)
  to   space 114176K, 0% used [0x00000000f1f80000,0x00000000f1f80000,0x00000000f8f00000)
 ParOldGen       total 732672K, used 704409K [0x00000000a0000000, 0x00000000ccb80000, 0x00000000e0000000)
  object space 732672K, 96% used [0x00000000a0000000,0x00000000cafe6478,0x00000000ccb80000)
 Metaspace       used 143039K, capacity 150984K, committed 166872K, reserved 1193984K
  class space    used 16879K, capacity 18413K, committed 21760K, reserved 1048576K
Event: 21054.355 GC heap after
Heap after GC invocations=75 (full 9):
 PSYoungGen      total 410112K, used 0K [0x00000000e0000000, 0x0000000100000000, 0x0000000100000000)
  eden space 294400K, 0% used [0x00000000e0000000,0x00000000e0000000,0x00000000f1f80000)
  from space 115712K, 0% used [0x00000000f8f00000,0x00000000f8f00000,0x0000000100000000)
  to   space 114176K, 0% used [0x00000000f1f80000,0x00000000f1f80000,0x00000000f8f00000)
 ParOldGen       total 790528K, used 393970K [0x00000000a0000000, 0x00000000d0400000, 0x00000000e0000000)
  object space 790528K, 49% used [0x00000000a0000000,0x00000000b80bcb90,0x00000000d0400000)
 Metaspace       used 136867K, capacity 144574K, committed 166872K, reserved 1193984K
  class space    used 16568K, capacity 17990K, committed 21760K, reserved 1048576K
}
Event: 21056.881 GC heap before
{Heap before GC invocations=76 (full 9):
 PSYoungGen      total 410112K, used 294400K [0x00000000e0000000, 0x0000000100000000, 0x0000000100000000)
  eden space 294400K, 100% used [0x00000000e0000000,0x00000000f1f80000,0x00000000f1f80000)
  from space 115712K, 0% used [0x00000000f8f00000,0x00000000f8f00000,0x0000000100000000)
  to   space 114176K, 0% used [0x00000000f1f80000,0x00000000f1f80000,0x00000000f8f00000)
 ParOldGen       total 790528K, used 393970K [0x00000000a0000000, 0x00000000d0400000, 0x00000000e0000000)
  object space 790528K, 49% used [0x00000000a0000000,0x00000000b80bcb90,0x00000000d0400000)
 Metaspace       used 138395K, capacity 146082K, committed 166872K, reserved 1193984K
  class space    used 16642K, capacity 18090K, committed 21760K, reserved 1048576K
Event: 21056.921 GC heap after
Heap after GC invocations=76 (full 9):
 PSYoungGen      total 375296K, used 80817K [0x00000000e0000000, 0x0000000100000000, 0x0000000100000000)
  eden space 294400K, 0% used [0x00000000e0000000,0x00000000e0000000,0x00000000f1f80000)
  from space 80896K, 99% used [0x00000000f1f80000,0x00000000f6e6c658,0x00000000f6e80000)
  to   space 120832K, 0% used [0x00000000f8a00000,0x00000000f8a00000,0x0000000100000000)
 ParOldGen       total 790528K, used 393978K [0x00000000a0000000, 0x00000000d0400000, 0x00000000e0000000)
  object space 790528K, 49% used [0x00000000a0000000,0x00000000b80beb90,0x00000000d0400000)
 Metaspace       used 138395K, capacity 146082K, committed 166872K, reserved 1193984K
  class space    used 16642K, capacity 18090K, committed 21760K, reserved 1048576K
}
Event: 21235.227 GC heap before
{Heap before GC invocations=77 (full 9):
 PSYoungGen      total 375296K, used 375217K [0x00000000e0000000, 0x0000000100000000, 0x0000000100000000)
  eden space 294400K, 100% used [0x00000000e0000000,0x00000000f1f80000,0x00000000f1f80000)
  from space 80896K, 99% used [0x00000000f1f80000,0x00000000f6e6c658,0x00000000f6e80000)
  to   space 120832K, 0% used [0x00000000f8a00000,0x00000000f8a00000,0x0000000100000000)
 ParOldGen       total 790528K, used 393978K [0x00000000a0000000, 0x00000000d0400000, 0x00000000e0000000)
  object space 790528K, 49% used [0x00000000a0000000,0x00000000b80beb90,0x00000000d0400000)
 Metaspace       used 138470K, capacity 146190K, committed 166872K, reserved 1193984K
  class space    used 16647K, capacity 18098K, committed 21760K, reserved 1048576K
Event: 21235.272 GC heap after
Heap after GC invocations=77 (full 9):
 PSYoungGen      total 409088K, used 39122K [0x00000000e0000000, 0x0000000100000000, 0x0000000100000000)
  eden space 288256K, 0% used [0x00000000e0000000,0x00000000e0000000,0x00000000f1980000)
  from space 120832K, 32% used [0x00000000f8a00000,0x00000000fb0349e8,0x0000000100000000)
  to   space 115200K, 0% used [0x00000000f1980000,0x00000000f1980000,0x00000000f8a00000)
 ParOldGen       total 790528K, used 467532K [0x00000000a0000000, 0x00000000d0400000, 0x00000000e0000000)
  object space 790528K, 59% used [0x00000000a0000000,0x00000000bc893278,0x00000000d0400000)
 Metaspace       used 138470K, capacity 146190K, committed 166872K, reserved 1193984K
  class space    used 16647K, capacity 18098K, committed 21760K, reserved 1048576K
}
Event: 21238.175 GC heap before
{Heap before GC invocations=78 (full 9):
 PSYoungGen      total 409088K, used 326891K [0x00000000e0000000, 0x0000000100000000, 0x0000000100000000)
  eden space 288256K, 99% used [0x00000000e0000000,0x00000000f1906548,0x00000000f1980000)
  from space 120832K, 32% used [0x00000000f8a00000,0x00000000fb0349e8,0x0000000100000000)
  to   space 115200K, 0% used [0x00000000f1980000,0x00000000f1980000,0x00000000f8a00000)
 ParOldGen       total 790528K, used 467532K [0x00000000a0000000, 0x00000000d0400000, 0x00000000e0000000)
  object space 790528K, 59% used [0x00000000a0000000,0x00000000bc893278,0x00000000d0400000)
 Metaspace       used 140004K, capacity 147710K, committed 166872K, reserved 1193984K
  class space    used 16722K, capacity 18200K, committed 21760K, reserved 1048576K

Deoptimization events (10 events):
Event: 20065.639 Thread 0x000000001fcb9000 Uncommon trap: reason=array_check action=maybe_recompile pc=0x000000000619fa78 method=java.util.TimSort.mergeLo(IIII)V @ 81
Event: 20065.639 Thread 0x000000001fcb9000 Uncommon trap: reason=array_check action=maybe_recompile pc=0x0000000007830770 method=java.util.TimSort.mergeHi(IIII)V @ 101
Event: 20065.639 Thread 0x000000001fcb9000 Uncommon trap: reason=array_check action=maybe_recompile pc=0x000000000619fa78 method=java.util.TimSort.mergeLo(IIII)V @ 81
Event: 20065.692 Thread 0x000000001fcb3000 Uncommon trap: reason=bimorphic action=maybe_recompile pc=0x0000000007c3b214 method=java.util.ComparableTimSort.mergeHi(IIII)V @ 222
Event: 20065.716 Thread 0x000000001fcb3000 Uncommon trap: reason=bimorphic action=maybe_recompile pc=0x0000000007c3b214 method=java.util.ComparableTimSort.mergeHi(IIII)V @ 222
Event: 20065.825 Thread 0x000000001fcb3000 Uncommon trap: reason=bimorphic action=maybe_recompile pc=0x00000000050e51b4 method=com.google.common.cache.LocalCache$Segment.removeEntryFromChain(Lcom/google/common/cache/ReferenceEntry;Lcom/google/common/cache/ReferenceEntry;)Lcom/google/common/cache/R
Event: 20065.825 Thread 0x000000001fcb3000 Uncommon trap: reason=bimorphic action=maybe_recompile pc=0x00000000050e51b4 method=com.google.common.cache.LocalCache$Segment.removeEntryFromChain(Lcom/google/common/cache/ReferenceEntry;Lcom/google/common/cache/ReferenceEntry;)Lcom/google/common/cache/R
Event: 20065.852 Thread 0x000000001fcb3000 Uncommon trap: reason=bimorphic action=maybe_recompile pc=0x000000000381ba38 method=org.codehaus.groovy.runtime.metaclass.MetaMethodIndex.addMethodToList(Ljava/lang/Object;Lgroovy/lang/MetaMethod;)Ljava/lang/Object; @ 96
Event: 20065.884 Thread 0x000000001fcb3000 Uncommon trap: reason=bimorphic action=maybe_recompile pc=0x0000000007c3b214 method=java.util.ComparableTimSort.mergeHi(IIII)V @ 222
Event: 20334.067 Thread 0x000000001fcba800 Uncommon trap: reason=unstable_if action=reinterpret pc=0x00000000068b8504 method=com.android.tools.r8.n.a.a.a.g.B0$e.contains(Ljava/lang/Object;)Z @ 184

Classes redefined (0 events):
No events

Internal exceptions (10 events):
Event: 21058.476 Thread 0x000000001fcba800 Exception <a 'sun/nio/fs/WindowsException'> (0x00000000e1e1bba0) thrown at [D:\src\AOSP-openjdk-cygwin\jdk8u\hotspot\src\share\vm\prims\jni.cpp, line 710]
Event: 21058.583 Thread 0x0000000022615800 Exception <a 'java/io/FileNotFoundException'> (0x00000000e2a49878) thrown at [D:\src\AOSP-openjdk-cygwin\jdk8u\hotspot\src\share\vm\prims\jni.cpp, line 710]
Event: 21058.605 Thread 0x000000001fcb4800 Exception <a 'sun/nio/fs/WindowsException'> (0x00000000e2ddc028) thrown at [D:\src\AOSP-openjdk-cygwin\jdk8u\hotspot\src\share\vm\prims\jni.cpp, line 710]
Event: 21058.729 Thread 0x000000001fcbf000 Exception <a 'sun/nio/fs/WindowsException'> (0x00000000e4fb1108) thrown at [D:\src\AOSP-openjdk-cygwin\jdk8u\hotspot\src\share\vm\prims\jni.cpp, line 710]
Event: 21058.888 Thread 0x000000001d6f3000 Exception <a 'sun/nio/fs/WindowsException'> (0x00000000e5b77ae8) thrown at [D:\src\AOSP-openjdk-cygwin\jdk8u\hotspot\src\share\vm\prims\jni.cpp, line 710]
Event: 21237.011 Thread 0x0000000022614000 Exception <a 'java/io/FileNotFoundException'> (0x00000000ed0ec3c8) thrown at [D:\src\AOSP-openjdk-cygwin\jdk8u\hotspot\src\share\vm\prims\jni.cpp, line 710]
Event: 21238.008 Thread 0x000000001fcbb000 Exception <a 'sun/nio/fs/WindowsException'> (0x00000000ee6622b8) thrown at [D:\src\AOSP-openjdk-cygwin\jdk8u\hotspot\src\share\vm\prims\jni.cpp, line 710]
Event: 21238.017 Thread 0x000000001fcbb000 Exception <a 'sun/nio/fs/WindowsException'> (0x00000000ee8e7a20) thrown at [D:\src\AOSP-openjdk-cygwin\jdk8u\hotspot\src\share\vm\prims\jni.cpp, line 710]
Event: 21238.087 Thread 0x0000000022617000 Exception <a 'java/io/FileNotFoundException'> (0x00000000ef616120) thrown at [D:\src\AOSP-openjdk-cygwin\jdk8u\hotspot\src\share\vm\prims\jni.cpp, line 710]
Event: 21238.106 Thread 0x000000001fcb5000 Exception <a 'sun/nio/fs/WindowsException'> (0x00000000ef935f90) thrown at [D:\src\AOSP-openjdk-cygwin\jdk8u\hotspot\src\share\vm\prims\jni.cpp, line 710]

Events (10 events):
Event: 21238.127 Executing VM operation: RevokeBias done
Event: 21238.127 Executing VM operation: BulkRevokeBias
Event: 21238.127 Executing VM operation: BulkRevokeBias done
Event: 21238.128 Executing VM operation: RevokeBias
Event: 21238.128 Executing VM operation: RevokeBias done
Event: 21238.129 Executing VM operation: RevokeBias
Event: 21238.129 Executing VM operation: RevokeBias done
Event: 21238.130 Executing VM operation: RevokeBias
Event: 21238.130 Executing VM operation: RevokeBias done
Event: 21238.174 Executing VM operation: ParallelGCFailedAllocation


Dynamic libraries:
0x00007ff7a5760000 - 0x00007ff7a5791000 	C:\Program Files\Android\Android Studio\jre\bin\java.exe
0x00007ffa3b4a0000 - 0x00007ffa3b690000 	C:\WINDOWS\SYSTEM32\ntdll.dll
0x00007ffa39570000 - 0x00007ffa39622000 	C:\WINDOWS\System32\KERNEL32.DLL
0x00007ffa38720000 - 0x00007ffa389c3000 	C:\WINDOWS\System32\KERNELBASE.dll
0x00007ffa3b340000 - 0x00007ffa3b3e3000 	C:\WINDOWS\System32\ADVAPI32.dll
0x00007ffa3a9e0000 - 0x00007ffa3aa7e000 	C:\WINDOWS\System32\msvcrt.dll
0x00007ffa3b060000 - 0x00007ffa3b0f7000 	C:\WINDOWS\System32\sechost.dll
0x00007ffa3a030000 - 0x00007ffa3a150000 	C:\WINDOWS\System32\RPCRT4.dll
0x00007ffa39710000 - 0x00007ffa398a4000 	C:\WINDOWS\System32\USER32.dll
0x00007ffa386f0000 - 0x00007ffa38711000 	C:\WINDOWS\System32\win32u.dll
0x00007ffa39df0000 - 0x00007ffa39e16000 	C:\WINDOWS\System32\GDI32.dll
0x00007ffa38430000 - 0x00007ffa385c4000 	C:\WINDOWS\System32\gdi32full.dll
0x00007ffa392d0000 - 0x00007ffa3936e000 	C:\WINDOWS\System32\msvcp_win.dll
0x00007ffa385d0000 - 0x00007ffa386ca000 	C:\WINDOWS\System32\ucrtbase.dll
0x00007ffa37810000 - 0x00007ffa37a95000 	C:\WINDOWS\WinSxS\amd64_microsoft.windows.common-controls_6595b64144ccf1df_6.0.18362.592_none_e6c0b1911312be02\COMCTL32.dll
0x00007ffa3acb0000 - 0x00007ffa3afe6000 	C:\WINDOWS\System32\combase.dll
0x00007ffa389d0000 - 0x00007ffa38a50000 	C:\WINDOWS\System32\bcryptPrimitives.dll
0x00007ffa3b1b0000 - 0x00007ffa3b1de000 	C:\WINDOWS\System32\IMM32.DLL
0x00000000689e0000 - 0x0000000068ab2000 	C:\Program Files\Android\Android Studio\jre\jre\bin\msvcr100.dll
0x0000000067d10000 - 0x0000000068556000 	C:\Program Files\Android\Android Studio\jre\jre\bin\server\jvm.dll
0x00007ffa39de0000 - 0x00007ffa39de8000 	C:\WINDOWS\System32\PSAPI.DLL
0x00007ffa329c0000 - 0x00007ffa329e4000 	C:\WINDOWS\SYSTEM32\WINMM.dll
0x00007ffa32bf0000 - 0x00007ffa32bf9000 	C:\WINDOWS\SYSTEM32\WSOCK32.dll
0x00007ffa30b40000 - 0x00007ffa30b4a000 	C:\WINDOWS\SYSTEM32\VERSION.dll
0x00007ffa3aff0000 - 0x00007ffa3b05f000 	C:\WINDOWS\System32\WS2_32.dll
0x00007ffa32990000 - 0x00007ffa329bd000 	C:\WINDOWS\SYSTEM32\WINMMBASE.dll
0x00007ffa38b00000 - 0x00007ffa38b4a000 	C:\WINDOWS\System32\cfgmgr32.dll
0x00007ffa2f720000 - 0x00007ffa2f72f000 	C:\Program Files\Android\Android Studio\jre\jre\bin\verify.dll
0x00007ffa1ce00000 - 0x00007ffa1ce29000 	C:\Program Files\Android\Android Studio\jre\jre\bin\java.dll
0x00007ffa2f5e0000 - 0x00007ffa2f5f6000 	C:\Program Files\Android\Android Studio\jre\jre\bin\zip.dll
0x00007ffa3a1d0000 - 0x00007ffa3a8b5000 	C:\WINDOWS\System32\SHELL32.dll
0x00007ffa3a8c0000 - 0x00007ffa3a969000 	C:\WINDOWS\System32\shcore.dll
0x00007ffa38b50000 - 0x00007ffa392cf000 	C:\WINDOWS\System32\windows.storage.dll
0x00007ffa383f0000 - 0x00007ffa3840f000 	C:\WINDOWS\System32\profapi.dll
0x00007ffa383a0000 - 0x00007ffa383ea000 	C:\WINDOWS\System32\powrprof.dll
0x00007ffa38370000 - 0x00007ffa38380000 	C:\WINDOWS\System32\UMPDC.dll
0x00007ffa39910000 - 0x00007ffa39962000 	C:\WINDOWS\System32\shlwapi.dll
0x00007ffa38410000 - 0x00007ffa38421000 	C:\WINDOWS\System32\kernel.appcore.dll
0x00007ffa386d0000 - 0x00007ffa386e7000 	C:\WINDOWS\System32\cryptsp.dll
0x00007ffa2cec0000 - 0x00007ffa2ceda000 	C:\Program Files\Android\Android Studio\jre\jre\bin\net.dll
0x00007ffa37500000 - 0x00007ffa37567000 	C:\WINDOWS\system32\mswsock.dll
0x00007ffa1f220000 - 0x00007ffa1f231000 	C:\Program Files\Android\Android Studio\jre\jre\bin\nio.dll
0x00007ffa1bcd0000 - 0x00007ffa1bcf6000 	C:\Users\owner\.gradle\native\29\windows-amd64\native-platform.dll
0x00007ffa2f710000 - 0x00007ffa2f71d000 	C:\Program Files\Android\Android Studio\jre\jre\bin\management.dll
0x00007ffa37070000 - 0x00007ffa370a3000 	C:\WINDOWS\system32\rsaenh.dll
0x00007ffa393d0000 - 0x00007ffa393f6000 	C:\WINDOWS\System32\bcrypt.dll
0x00007ffa38290000 - 0x00007ffa382b5000 	C:\WINDOWS\SYSTEM32\USERENV.dll
0x00007ffa37730000 - 0x00007ffa3773c000 	C:\WINDOWS\SYSTEM32\CRYPTBASE.dll
0x00007ffa37210000 - 0x00007ffa3724a000 	C:\WINDOWS\SYSTEM32\IPHLPAPI.DLL
0x00007ffa39700000 - 0x00007ffa39708000 	C:\WINDOWS\System32\NSI.dll
0x00007ffa2f080000 - 0x00007ffa2f096000 	C:\WINDOWS\SYSTEM32\dhcpcsvc6.DLL
0x00007ffa2f9d0000 - 0x00007ffa2f9ec000 	C:\WINDOWS\SYSTEM32\dhcpcsvc.DLL
0x00007ffa372b0000 - 0x00007ffa3737a000 	C:\WINDOWS\SYSTEM32\DNSAPI.dll
0x00007ffa2c840000 - 0x00007ffa2c864000 	C:\Program Files\Android\Android Studio\jre\jre\bin\sunec.dll
0x00007ffa36540000 - 0x00007ffa3654b000 	C:\Program Files\Android\Android Studio\jre\jre\bin\sunmscapi.dll
0x00007ffa39400000 - 0x00007ffa39549000 	C:\WINDOWS\System32\CRYPT32.dll
0x00007ffa38380000 - 0x00007ffa38392000 	C:\WINDOWS\System32\MSASN1.dll
0x00007ffa31f60000 - 0x00007ffa31f6a000 	C:\Windows\System32\rasadhlp.dll
0x00007ffa2e2e0000 - 0x00007ffa2e357000 	C:\WINDOWS\System32\fwpuclnt.dll
0x00007ffa37cf0000 - 0x00007ffa37ee4000 	C:\WINDOWS\SYSTEM32\dbghelp.dll

VM Arguments:
jvm_args: -Xmx1536m -Dfile.encoding=windows-1252 -Duser.country=ID -Duser.language=en -Duser.variant 
java_command: org.gradle.launcher.daemon.bootstrap.GradleDaemon 5.4.1
java_class_path (initial): C:\Users\owner\.gradle\wrapper\dists\gradle-5.4.1-all\3221gyojl5jsh0helicew7rwx\gradle-5.4.1\lib\gradle-launcher-5.4.1.jar
Launcher Type: SUN_STANDARD

Environment Variables:
PATH=C:\Program Files (x86)\Common Files\Intel\Shared Files\cpp\bin\Intel64;C:\Program Files (x86)\Intel\Intel(R) Management Engine Components\iCLS\;C:\Program Files\Intel\Intel(R) Management Engine Components\iCLS\;C:\Program Files (x86)\Common Files\Oracle\Java\javapath;C:\WINDOWS\system32;C:\WINDOWS;C:\WINDOWS\System32\Wbem;C:\WINDOWS\System32\WindowsPowerShell\v1.0\;C:\Program Files (x86)\Intel\Intel(R) Management Engine Components\DAL;C:\Program Files\Intel\Intel(R) Management Engine Components\DAL;C:\WINDOWS\System32\OpenSSH\;C:\Program Files\dotnet\;C:\Program Files\Microsoft SQL Server\130\Tools\Binn\;C:\Program Files\Microsoft SQL Server\Client SDK\ODBC\170\Tools\Binn\;C:\Users\owner\AppData\Local\Programs\Python\Python37-32;C:\Program Files\mingw-w64\x86_64-8.1.0-posix-seh-rt_v6-rev0\mingw64\bin;C:\Program Files\Git\cmd;C:\Program Files\Java\jdk-10.0.2\bin;C:\Users\owner\AppData\Local\Programs\Python\Python37-32\Scripts\;C:\Users\owner\AppData\Local\Programs\Python\Python37-32\;C:\Users\owner\AppData\Local\Microsoft\WindowsApps;C:\Users\owner\AppData\Local\Programs\Microsoft VS Code\bin;C:\Program Files\JetBrains\PyCharm Community Edition 2019.2.3\bin;C:\Program Files\JetBrains\IntelliJ IDEA Community Edition 2019.2.3\bin;C:\Users\owner\AppData\Local\GitHubDesktop\bin;C:\Program Files\Java\jdk-10.0.2\bin;
USERNAME=owner
OS=Windows_NT
PROCESSOR_IDENTIFIER=Intel64 Family 6 Model 142 Stepping 10, GenuineIntel



---------------  S Y S T E M  ---------------

OS: Windows 10.0 , 64 bit Build 18362 (10.0.18362.329)

CPU:total 8 (initial active 8) (4 cores per cpu, 2 threads per core) family 6 model 142 stepping 10, cmov, cx8, fxsr, mmx, sse, sse2, sse3, ssse3, sse4.1, sse4.2, popcnt, avx, avx2, aes, clmul, erms, 3dnowpref, lzcnt, ht, tsc, tscinvbit, bmi1, bmi2, adx

Memory: 4k page, physical 8216372k(1606336k free), swap 16775728k(5662472k free)

vm_info: OpenJDK 64-Bit Server VM (25.202-b03) for windows-amd64 JRE (1.8.0_202-release-1483-b03), built by "builder" with MS VC++ 10.0 (VS2010)

time: Sat Feb 15 12:54:37 2020
timezone: SE Asia Standard Time
elapsed time: 21238 seconds (0d 5h 53m 58s)

